2022-11-22 15:35:31,015 [Worker-6: Loading available Gradle versions] INFO  o.e.b.c.i.u.g.PublishedGradleVersions - Gradle version information cache is not available. Remote download required.
2022-11-22 15:52:14,476 [Start Help Server] INFO  org.eclipse.jetty.util.log - Logging initialized @1015794ms to org.eclipse.jetty.util.log.Slf4jLog
2022-11-22 15:52:14,538 [Start Help Server] INFO  org.eclipse.jetty.server.Server - jetty-9.4.29.v20200521; built: 2020-05-27T11:26:53.365Z; git: 77c232aed8a45c818fd27232278d9f95a021095e; jvm 1.8.0_351-b10
2022-11-22 15:52:14,549 [Start Help Server] INFO  org.eclipse.jetty.server.session - DefaultSessionIdManager workerName=node0
2022-11-22 15:52:14,549 [Start Help Server] INFO  org.eclipse.jetty.server.session - No SessionScavenger set, using defaults
2022-11-22 15:52:14,550 [Start Help Server] INFO  org.eclipse.jetty.server.session - node0 Scavenging every 660000ms
2022-11-22 15:52:14,565 [Start Help Server] INFO  o.e.j.server.handler.ContextHandler - Started o.e.j.s.ServletContextHandler@4e0bc810{/help,null,AVAILABLE}
2022-11-22 15:52:14,576 [Start Help Server] INFO  o.e.jetty.server.AbstractConnector - Started ServerConnector@700e5d90{HTTP/1.1, (http/1.1)}{127.0.0.1:52100}
2022-11-22 15:52:14,576 [Start Help Server] INFO  org.eclipse.jetty.server.Server - Started @1015895ms
2022-11-22 15:52:14,576 [Start Help Server] INFO  org.eclipse.jetty.server.session - node0 Scavenging every 726000ms
2022-11-22 15:56:18,671 [Stop Help Server] INFO  o.e.jetty.server.AbstractConnector - Stopped ServerConnector@700e5d90{HTTP/1.1, (http/1.1)}{127.0.0.1:0}
2022-11-22 15:56:18,671 [Stop Help Server] INFO  org.eclipse.jetty.server.session - node0 Stopped scavenging
2022-11-22 15:56:18,696 [Stop Help Server] INFO  o.e.j.server.handler.ContextHandler - Stopped o.e.j.s.ServletContextHandler@4e0bc810{/help,null,UNAVAILABLE}
2022-11-22 15:56:44,172 [Worker-3: Loading available Gradle versions] INFO  o.e.b.c.i.u.g.PublishedGradleVersions - Gradle version information cache is up-to-date. Trying to read.
2022-11-22 15:58:33,917 [Worker-8: Loading available Gradle versions] INFO  o.e.b.c.i.u.g.PublishedGradleVersions - Gradle version information cache is up-to-date. Trying to read.
2022-11-22 16:03:32,452 [Worker-5: Loading available Gradle versions] INFO  o.e.b.c.i.u.g.PublishedGradleVersions - Gradle version information cache is up-to-date. Trying to read.
2022-11-23 17:41:09,067 [Worker-7: Loading available Gradle versions] INFO  o.e.b.c.i.u.g.PublishedGradleVersions - Gradle version information cache is out-of-date. Trying to update.
2023-08-01 00:29:23,795 [Worker-3: Loading available Gradle versions] INFO  o.e.b.c.i.u.g.PublishedGradleVersions - Gradle version information cache is up-to-date. Trying to read.
2023-09-25 21:56:04,934 [Worker-3: Loading available Gradle versions] INFO  o.e.b.c.i.u.g.PublishedGradleVersions - Gradle version information cache is up-to-date. Trying to read.
2023-09-26 22:31:17,903 [Worker-3: Loading available Gradle versions] INFO  o.e.b.c.i.u.g.PublishedGradleVersions - Gradle version information cache is out-of-date. Trying to update.
